<?xml version="1.0" encoding="utf-8"?><testsuites><testsuite name="pytest" errors="0" failures="0" skipped="0" tests="6" time="0.067" timestamp="2023-09-14T14:50:45.282622" hostname="DELLG15-JOHN"><testcase classname="projeto-do-bytebank.tests.test_bytebank.TestClass" name="test_quando_idade_recebe_13_03_2000_deve_retornar_23" time="0.001" /><testcase classname="projeto-do-bytebank.tests.test_bytebank.TestClass" name="test_quando_sobrenome_recebe_lucas_carvalho_deve_retornar_carvalho" time="0.001" /><testcase classname="projeto-do-bytebank.tests.test_bytebank.TestClass" name="test_quando_decrescimo_salario_recebe_100000_deve_retornar_90000" time="0.001" /><testcase classname="projeto-do-bytebank.tests.test_bytebank.TestClass" name="test_quando_calcular_bonus_recebe_1000_deve_retornar_100" time="0.001" /><testcase classname="projeto-do-bytebank.tests.test_bytebank.TestClass" name="test_quando_calcular_bonus_recebe_1000000_deve_retornar_exception" time="0.001" /><testcase classname="projeto-do-bytebank.tests.test_bytebank.TestClass" name="test_retorno_str" time="0.000" /></testsuite></testsuites>